2021/12/08,09:42:09,Information,0x4000012D,<RU0301> [CTRL:1(ID=0) PD:e69s0(ID=10) ATA     INTEL SSDSC2KG240102] Physical Device is Online.
2021/12/08,09:42:09,Information,0x4000012D,<RU0301> [CTRL:1(ID=0) PD:e69s1(ID=11) ATA     INTEL SSDSC2KG240102] Physical Device is Online.
2021/12/08,09:42:10,Information,0x4000019F,<RU0415> [CTRL:1(ID=0) LD:1(ID=0)] Logical Drive was created.
2021/12/08,09:42:11,Error,0xC0000130,<RU0304> [CTRL:1(ID=0) PD:e69s0(ID=10) ATA     INTEL SSDSC2KG240102] Physical Device is Failed.
2021/12/08,09:42:11,Warning,0x80000192,<RU0402> [CTRL:1(ID=0) LD:1(ID=0)] Logical Drive is Degraded.
2021/12/08,09:42:12,Information,0x40000132,<RU0306> [CTRL:1(ID=0) PD:e69s0(ID=10) ATA     INTEL SSDSC2KG240102] Rebuild was started.
2021/12/08,09:55:00,Information,0x40000133,<RU0307> [CTRL:1(ID=0) PD:e69s0(ID=10) ATA     INTEL SSDSC2KG240102] Rebuild completed.
2021/12/08,09:55:00,Information,0x4000012D,<RU0301> [CTRL:1(ID=0) PD:e69s0(ID=10) ATA     INTEL SSDSC2KG240102] Physical Device is Online.
2021/12/08,09:55:00,Information,0x40000191,<RU0401> [CTRL:1(ID=0) LD:1(ID=0)] Logical Drive is Online.
2021/12/08,09:55:42,Information,0x400001A0,<RU0416> [CTRL:1(ID=0) LD:1(ID=0)] Logical Drive was deleted.
2021/12/08,09:55:43,Information,0x4000012E,<RU0302> [CTRL:1(ID=0) PD:e69s0(ID=10) ATA     INTEL SSDSC2KG240102] Physical Device is Ready.
2021/12/08,09:55:43,Information,0x4000012E,<RU0302> [CTRL:1(ID=0) PD:e69s1(ID=11) ATA     INTEL SSDSC2KG240102] Physical Device is Ready.
2021/12/08,09:55:53,Information,0x4000012D,<RU0301> [CTRL:1(ID=0) PD:e69s0(ID=10) ATA     INTEL SSDSC2KG240102] Physical Device is Online.
2021/12/08,09:55:53,Information,0x4000012D,<RU0301> [CTRL:1(ID=0) PD:e69s1(ID=11) ATA     INTEL SSDSC2KG240102] Physical Device is Online.
2021/12/08,09:55:53,Information,0x4000012D,<RU0301> [CTRL:1(ID=0) PD:e69s2(ID=8) ATA     INTEL SSDSC2KG240102] Physical Device is Online.
2021/12/08,09:55:53,Information,0x4000012D,<RU0301> [CTRL:1(ID=0) PD:e69s3(ID=33) ATA     INTEL SSDSC2KG240102] Physical Device is Online.
2021/12/08,09:55:53,Information,0x4000019F,<RU0415> [CTRL:1(ID=0) LD:1(ID=0)] Logical Drive was created.
2021/12/08,09:55:54,Error,0xC0000130,<RU0304> [CTRL:1(ID=0) PD:e69s0(ID=10) ATA     INTEL SSDSC2KG240102] Physical Device is Failed.
2021/12/08,09:55:54,Warning,0x80000192,<RU0402> [CTRL:1(ID=0) LD:1(ID=0)] Logical Drive is Degraded.
2021/12/08,09:55:55,Information,0x40000132,<RU0306> [CTRL:1(ID=0) PD:e69s0(ID=10) ATA     INTEL SSDSC2KG240102] Rebuild was started.
2021/12/08,10:08:41,Information,0x40000133,<RU0307> [CTRL:1(ID=0) PD:e69s0(ID=10) ATA     INTEL SSDSC2KG240102] Rebuild completed.
2021/12/08,10:08:41,Information,0x4000012D,<RU0301> [CTRL:1(ID=0) PD:e69s0(ID=10) ATA     INTEL SSDSC2KG240102] Physical Device is Online.
2021/12/08,10:08:41,Information,0x40000191,<RU0401> [CTRL:1(ID=0) LD:1(ID=0)] Logical Drive is Online.
2021/12/08,10:09:26,Information,0x400001A0,<RU0416> [CTRL:1(ID=0) LD:1(ID=0)] Logical Drive was deleted.
2021/12/08,10:09:26,Information,0x4000012E,<RU0302> [CTRL:1(ID=0) PD:e69s0(ID=10) ATA     INTEL SSDSC2KG240102] Physical Device is Ready.
2021/12/08,10:09:26,Information,0x4000012E,<RU0302> [CTRL:1(ID=0) PD:e69s1(ID=11) ATA     INTEL SSDSC2KG240102] Physical Device is Ready.
2021/12/08,10:09:26,Information,0x4000012E,<RU0302> [CTRL:1(ID=0) PD:e69s2(ID=8) ATA     INTEL SSDSC2KG240102] Physical Device is Ready.
2021/12/08,10:09:26,Information,0x4000012E,<RU0302> [CTRL:1(ID=0) PD:e69s3(ID=33) ATA     INTEL SSDSC2KG240102] Physical Device is Ready.
2021/12/08,10:09:36,Information,0x4000012D,<RU0301> [CTRL:1(ID=0) PD:e69s0(ID=10) ATA     INTEL SSDSC2KG240102] Physical Device is Online.
2021/12/08,10:09:36,Information,0x4000012D,<RU0301> [CTRL:1(ID=0) PD:e69s1(ID=11) ATA     INTEL SSDSC2KG240102] Physical Device is Online.
2021/12/08,10:09:36,Information,0x4000012D,<RU0301> [CTRL:1(ID=0) PD:e69s2(ID=8) ATA     INTEL SSDSC2KG240102] Physical Device is Online.
2021/12/08,10:09:36,Information,0x4000012D,<RU0301> [CTRL:1(ID=0) PD:e69s3(ID=33) ATA     INTEL SSDSC2KG240102] Physical Device is Online.
2021/12/08,10:09:36,Information,0x4000012D,<RU0301> [CTRL:1(ID=0) PD:e69s4(ID=6) ATA     INTEL SSDSC2KG240102] Physical Device is Online.
2021/12/08,10:09:36,Information,0x4000012D,<RU0301> [CTRL:1(ID=0) PD:e69s5(ID=16) ATA     INTEL SSDSC2KG240102] Physical Device is Online.
2021/12/08,10:09:36,Information,0x4000012D,<RU0301> [CTRL:1(ID=0) PD:e69s6(ID=17) ATA     INTEL SSDSC2KG240102] Physical Device is Online.
2021/12/08,10:09:36,Information,0x4000012D,<RU0301> [CTRL:1(ID=0) PD:e69s7(ID=30) ATA     INTEL SSDSC2KG240102] Physical Device is Online.
2021/12/08,10:09:36,Information,0x4000019F,<RU0415> [CTRL:1(ID=0) LD:1(ID=0)] Logical Drive was created.
2021/12/08,10:09:37,Error,0xC0000130,<RU0304> [CTRL:1(ID=0) PD:e69s0(ID=10) ATA     INTEL SSDSC2KG240102] Physical Device is Failed.
2021/12/08,10:09:37,Warning,0x80000192,<RU0402> [CTRL:1(ID=0) LD:1(ID=0)] Logical Drive is Degraded.
2021/12/08,10:09:38,Information,0x40000132,<RU0306> [CTRL:1(ID=0) PD:e69s0(ID=10) ATA     INTEL SSDSC2KG240102] Rebuild was started.
2021/12/08,10:22:26,Information,0x40000133,<RU0307> [CTRL:1(ID=0) PD:e69s0(ID=10) ATA     INTEL SSDSC2KG240102] Rebuild completed.
2021/12/08,10:22:26,Information,0x4000012D,<RU0301> [CTRL:1(ID=0) PD:e69s0(ID=10) ATA     INTEL SSDSC2KG240102] Physical Device is Online.
2021/12/08,10:22:27,Information,0x40000191,<RU0401> [CTRL:1(ID=0) LD:1(ID=0)] Logical Drive is Online.
2021/12/08,10:23:09,Information,0x400001A0,<RU0416> [CTRL:1(ID=0) LD:1(ID=0)] Logical Drive was deleted.
2021/12/08,10:23:09,Information,0x4000012E,<RU0302> [CTRL:1(ID=0) PD:e69s0(ID=10) ATA     INTEL SSDSC2KG240102] Physical Device is Ready.
2021/12/08,10:23:09,Information,0x4000012E,<RU0302> [CTRL:1(ID=0) PD:e69s1(ID=11) ATA     INTEL SSDSC2KG240102] Physical Device is Ready.
2021/12/08,10:23:09,Information,0x4000012E,<RU0302> [CTRL:1(ID=0) PD:e69s2(ID=8) ATA     INTEL SSDSC2KG240102] Physical Device is Ready.
2021/12/08,10:23:09,Information,0x4000012E,<RU0302> [CTRL:1(ID=0) PD:e69s3(ID=33) ATA     INTEL SSDSC2KG240102] Physical Device is Ready.
2021/12/08,10:23:09,Information,0x4000012E,<RU0302> [CTRL:1(ID=0) PD:e69s4(ID=6) ATA     INTEL SSDSC2KG240102] Physical Device is Ready.
2021/12/08,10:23:09,Information,0x4000012E,<RU0302> [CTRL:1(ID=0) PD:e69s5(ID=16) ATA     INTEL SSDSC2KG240102] Physical Device is Ready.
2021/12/08,10:23:09,Information,0x4000012E,<RU0302> [CTRL:1(ID=0) PD:e69s6(ID=17) ATA     INTEL SSDSC2KG240102] Physical Device is Ready.
2021/12/08,10:23:09,Information,0x4000012E,<RU0302> [CTRL:1(ID=0) PD:e69s7(ID=30) ATA     INTEL SSDSC2KG240102] Physical Device is Ready.
